0 info it worked if it ends with ok
1 verbose cli [ 'C:\\Program Files (x86)\\nodejs\\node.exe',
1 verbose cli   'C:\\Program Files (x86)\\nodejs\\node_modules\\npm\\bin\\npm-cli.js',
1 verbose cli   'run',
1 verbose cli   'server' ]
2 info using npm@3.10.10
3 info using node@v6.9.5
4 verbose run-script [ 'preserver', 'server', 'postserver' ]
5 info lifecycle webpack3-demo@1.0.0~preserver: webpack3-demo@1.0.0
6 silly lifecycle webpack3-demo@1.0.0~preserver: no script for preserver, continuing
7 info lifecycle webpack3-demo@1.0.0~server: webpack3-demo@1.0.0
8 verbose lifecycle webpack3-demo@1.0.0~server: unsafe-perm in lifecycle true
9 verbose lifecycle webpack3-demo@1.0.0~server: PATH: C:\Program Files (x86)\nodejs\node_modules\npm\bin\node-gyp-bin;E:\csdnstudy\webpack3-demo\node_modules\.bin;C:\Program Files\Git\mingw64\bin;C:\Program Files\Git\usr\bin;C:\Users\fengjj\bin;C:\Python27;C:\Program Files (x86)\Intel\iCLS Client;C:\Program Files\Intel\iCLS Client;C:\Windows\system32;C:\Windows;C:\Windows\System32\Wbem;C:\Windows\System32\WindowsPowerShell\v1.0;C:\Program Files\Intel\Intel(R) Management Engine Components\DAL;C:\Program Files\Intel\Intel(R) Management Engine Components\IPT;C:\Program Files (x86)\Intel\Intel(R) Management Engine Components\DAL;C:\Program Files (x86)\Intel\Intel(R) Management Engine Components\IPT;C:\Program Files (x86)\NVIDIA Corporation\PhysX\Common;C:\Program Files\Git\cmd;C:\Program Files\Git\mingw64\bin;C:\Program Files\Git\usr\bin;C:\Program Files (x86)\nodejs;D:\jdk\bin;C:\Program Files (x86)\Yarn\bin;C:\wamp\bin\php\php5.5.12;C:\ProgramData\ComposerSetup\bin;C:\Python27;C:\Program Files (x86)\Microsoft VS Code Insiders\bin;C:\Users\fengjj\AppData\Roaming\npm;C:\Users\fengjj\AppData\Local\Programs\Fiddler;D:\software\curl;C:\Users\fengjj\AppData\Local\Yarn\bin;C:\Users\fengjj\AppData\Roaming\Composer\vendor\bin
10 verbose lifecycle webpack3-demo@1.0.0~server: CWD: E:\csdnstudy\webpack3-demo
11 silly lifecycle webpack3-demo@1.0.0~server: Args: [ '/d /s /c', 'webpack-dev-server --open' ]
12 silly lifecycle webpack3-demo@1.0.0~server: Returned: code: 3221225786  signal: null
13 info lifecycle webpack3-demo@1.0.0~server: Failed to exec server script
14 verbose stack Error: webpack3-demo@1.0.0 server: `webpack-dev-server --open`
14 verbose stack Exit status 3221225786
14 verbose stack     at EventEmitter.<anonymous> (C:\Program Files (x86)\nodejs\node_modules\npm\lib\utils\lifecycle.js:255:16)
14 verbose stack     at emitTwo (events.js:106:13)
14 verbose stack     at EventEmitter.emit (events.js:191:7)
14 verbose stack     at ChildProcess.<anonymous> (C:\Program Files (x86)\nodejs\node_modules\npm\lib\utils\spawn.js:40:14)
14 verbose stack     at emitTwo (events.js:106:13)
14 verbose stack     at ChildProcess.emit (events.js:191:7)
14 verbose stack     at maybeClose (internal/child_process.js:877:16)
14 verbose stack     at Process.ChildProcess._handle.onexit (internal/child_process.js:226:5)
15 verbose pkgid webpack3-demo@1.0.0
16 verbose cwd E:\csdnstudy\webpack3-demo
17 error Windows_NT 6.1.7601
18 error argv "C:\\Program Files (x86)\\nodejs\\node.exe" "C:\\Program Files (x86)\\nodejs\\node_modules\\npm\\bin\\npm-cli.js" "run" "server"
19 error node v6.9.5
20 error npm  v3.10.10
21 error code ELIFECYCLE
22 error webpack3-demo@1.0.0 server: `webpack-dev-server --open`
22 error Exit status 3221225786
23 error Failed at the webpack3-demo@1.0.0 server script 'webpack-dev-server --open'.
23 error Make sure you have the latest version of node.js and npm installed.
23 error If you do, this is most likely a problem with the webpack3-demo package,
23 error not with npm itself.
23 error Tell the author that this fails on your system:
23 error     webpack-dev-server --open
23 error You can get information on how to open an issue for this project with:
23 error     npm bugs webpack3-demo
23 error Or if that isn't available, you can get their info via:
23 error     npm owner ls webpack3-demo
23 error There is likely additional logging output above.
24 verbose exit [ 1, true ]
